<?xml version="1.0" encoding="UTF-8"?>
<testng-results ignored="0" total="2" passed="2" failed="0" skipped="0">
  <reporter-output>
  </reporter-output>
  <suite started-at="2023-11-26T16:35:43Z" name="Suite" finished-at="2023-11-26T16:36:00Z" duration-ms="17084">
    <groups>
    </groups>
    <test started-at="2023-11-26T16:35:43Z" name="Test" finished-at="2023-11-26T16:36:00Z" duration-ms="17084">
      <class name="testcases.LoginTest">
        <test-method is-config="true" signature="SetUp()[pri:0, instance:testcases.LoginTest@ba54932]" started-at="2023-11-26T16:35:43Z" name="SetUp" finished-at="2023-11-26T16:35:51Z" duration-ms="7450" status="PASS">
          <reporter-output>
          </reporter-output>
        </test-method> <!-- SetUp -->
        <test-method signature="LoginFailureTest()[pri:0, instance:testcases.LoginTest@ba54932]" started-at="2023-11-26T16:35:51Z" name="LoginFailureTest" finished-at="2023-11-26T16:35:51Z" duration-ms="595" status="PASS">
          <reporter-output>
          </reporter-output>
        </test-method> <!-- LoginFailureTest -->
        <test-method is-config="true" signature="TearDown()[pri:0, instance:testcases.LoginTest@ba54932]" started-at="2023-11-26T16:35:51Z" name="TearDown" finished-at="2023-11-26T16:35:52Z" duration-ms="1022" status="PASS">
          <reporter-output>
          </reporter-output>
        </test-method> <!-- TearDown -->
        <test-method is-config="true" signature="SetUp()[pri:0, instance:testcases.LoginTest@ba54932]" started-at="2023-11-26T16:35:52Z" name="SetUp" finished-at="2023-11-26T16:35:57Z" duration-ms="4093" status="PASS">
          <reporter-output>
          </reporter-output>
        </test-method> <!-- SetUp -->
        <test-method signature="LoginSuccessTest()[pri:0, instance:testcases.LoginTest@ba54932]" started-at="2023-11-26T16:35:57Z" name="LoginSuccessTest" finished-at="2023-11-26T16:35:59Z" duration-ms="2780" status="PASS">
          <reporter-output>
          </reporter-output>
        </test-method> <!-- LoginSuccessTest -->
        <test-method is-config="true" signature="TearDown()[pri:0, instance:testcases.LoginTest@ba54932]" started-at="2023-11-26T16:35:59Z" name="TearDown" finished-at="2023-11-26T16:36:00Z" duration-ms="1119" status="PASS">
          <reporter-output>
          </reporter-output>
        </test-method> <!-- TearDown -->
      </class> <!-- testcases.LoginTest -->
    </test> <!-- Test -->
  </suite> <!-- Suite -->
</testng-results>
